This is pdfTeX, Version 3.14159265-2.6-1.40.21 (MiKTeX 21.1) (preloaded format=pdflatex 2021.3.1)  15 FEB 2024 16:32
entering extended mode
**./jfs_revision_r3.tex
(jfs_revision_r3.tex
LaTeX2e <2020-10-01> patch level 4
L3 programming layer <2021-01-09> xparse <2020-03-03>
("C:\Program Files\MiKTeX\tex/latex/base\article.cls"
Document Class: article 2020/04/10 v1.4m Standard LaTeX document class
("C:\Program Files\MiKTeX\tex/latex/base\size12.clo"
File: size12.clo 2020/04/10 v1.4m Standard LaTeX file (size option)
)
\c@part=\count177
\c@section=\count178
\c@subsection=\count179
\c@subsubsection=\count180
\c@paragraph=\count181
\c@subparagraph=\count182
\c@figure=\count183
\c@table=\count184
\abovecaptionskip=\skip47
\belowcaptionskip=\skip48
\bibindent=\dimen138
)
(C:\Users\j1prs01\AppData\Roaming\MiKTeX\tex/latex/natbib\natbib.sty
Package: natbib 2010/09/13 8.31b (PWD, AO)
\bibhang=\skip49
\bibsep=\skip50
LaTeX Info: Redefining \cite on input line 694.
\c@NAT@ctr=\count185
)
("C:\Program Files\MiKTeX\tex/latex/amsmath\amsmath.sty"
Package: amsmath 2020/09/23 v2.17i AMS math features
\@mathmargin=\skip51

For additional information on amsmath, use the `?' option.
("C:\Program Files\MiKTeX\tex/latex/amsmath\amstext.sty"
Package: amstext 2000/06/29 v2.01 AMS text

("C:\Program Files\MiKTeX\tex/latex/amsmath\amsgen.sty"
File: amsgen.sty 1999/11/30 v2.0 generic functions
\@emptytoks=\toks15
\ex@=\dimen139
))
("C:\Program Files\MiKTeX\tex/latex/amsmath\amsbsy.sty"
Package: amsbsy 1999/11/29 v1.2d Bold Symbols
\pmbraise@=\dimen140
)
("C:\Program Files\MiKTeX\tex/latex/amsmath\amsopn.sty"
Package: amsopn 2016/03/08 v2.02 operator names
)
\inf@bad=\count186
LaTeX Info: Redefining \frac on input line 234.
\uproot@=\count187
\leftroot@=\count188
LaTeX Info: Redefining \overline on input line 399.
\classnum@=\count189
\DOTSCASE@=\count190
LaTeX Info: Redefining \ldots on input line 496.
LaTeX Info: Redefining \dots on input line 499.
LaTeX Info: Redefining \cdots on input line 620.
\Mathstrutbox@=\box47
\strutbox@=\box48
\big@size=\dimen141
LaTeX Font Info:    Redeclaring font encoding OML on input line 743.
LaTeX Font Info:    Redeclaring font encoding OMS on input line 744.
\macc@depth=\count191
\c@MaxMatrixCols=\count192
\dotsspace@=\muskip16
\c@parentequation=\count193
\dspbrk@lvl=\count194
\tag@help=\toks16
\row@=\count195
\column@=\count196
\maxfields@=\count197
\andhelp@=\toks17
\eqnshift@=\dimen142
\alignsep@=\dimen143
\tagshift@=\dimen144
\tagwidth@=\dimen145
\totwidth@=\dimen146
\lineht@=\dimen147
\@envbody=\toks18
\multlinegap=\skip52
\multlinetaggap=\skip53
\mathdisplay@stack=\toks19
LaTeX Info: Redefining \[ on input line 2923.
LaTeX Info: Redefining \] on input line 2924.
)
("C:\Program Files\MiKTeX\tex/latex/amsfonts\amssymb.sty"
Package: amssymb 2013/01/14 v3.01 AMS font symbols

("C:\Program Files\MiKTeX\tex/latex/amsfonts\amsfonts.sty"
Package: amsfonts 2013/01/14 v3.01 Basic AMSFonts support
\symAMSa=\mathgroup4
\symAMSb=\mathgroup5
LaTeX Font Info:    Redeclaring math symbol \hbar on input line 98.
LaTeX Font Info:    Overwriting math alphabet `\mathfrak' in version `bold'
(Font)                  U/euf/m/n --> U/euf/b/n on input line 106.
))
(C:\Users\j1prs01\AppData\Roaming\MiKTeX\tex/latex/setspace\setspace.sty
Package: setspace 2011/12/19 v6.7a set line spacing
)
(C:\Users\j1prs01\AppData\Roaming\MiKTeX\tex/latex/enumitem\enumitem.sty
Package: enumitem 2019/06/20 v3.9 Customized lists
\enitkv@toks@=\toks20
\labelindent=\skip54
\enit@outerparindent=\dimen148
\enit@toks=\toks21
\enit@inbox=\box49
\enit@count@id=\count198
\enitdp@description=\count199
)
("C:\Program Files\MiKTeX\tex/latex/graphics\epsfig.sty"
Package: epsfig 2017/06/25 v1.7b (e)psfig emulation (SPQR)

("C:\Program Files\MiKTeX\tex/latex/graphics\graphicx.sty"
Package: graphicx 2020/09/09 v1.2b Enhanced LaTeX Graphics (DPC,SPQR)

("C:\Program Files\MiKTeX\tex/latex/graphics\keyval.sty"
Package: keyval 2014/10/28 v1.15 key=value parser (DPC)
\KV@toks@=\toks22
)
("C:\Program Files\MiKTeX\tex/latex/graphics\graphics.sty"
Package: graphics 2020/08/30 v1.4c Standard LaTeX Graphics (DPC,SPQR)

("C:\Program Files\MiKTeX\tex/latex/graphics\trig.sty"
Package: trig 2016/01/03 v1.10 sin cos tan (DPC)
)
("C:\Program Files\MiKTeX\tex/latex/graphics-cfg\graphics.cfg"
File: graphics.cfg 2016/06/04 v1.11 sample graphics configuration
)
Package graphics Info: Driver file: pdftex.def on input line 105.

("C:\Program Files\MiKTeX\tex/latex/graphics-def\pdftex.def"
File: pdftex.def 2020/10/05 v1.2a Graphics/color driver for pdftex
))
\Gin@req@height=\dimen149
\Gin@req@width=\dimen150
)
\epsfxsize=\dimen151
\epsfysize=\dimen152
)
(C:\Users\j1prs01\AppData\Roaming\MiKTeX\tex/latex/caption\subcaption.sty
Package: subcaption 2020/10/07 v1.3j Sub-captions (AR)

(C:\Users\j1prs01\AppData\Roaming\MiKTeX\tex/latex/caption\caption.sty
Package: caption 2020/10/26 v3.5g Customizing captions (AR)

(C:\Users\j1prs01\AppData\Roaming\MiKTeX\tex/latex/caption\caption3.sty
Package: caption3 2020/10/21 v2.2e caption3 kernel (AR)
\captionmargin=\dimen153
\captionmargin@=\dimen154
\captionwidth=\dimen155
\caption@tempdima=\dimen156
\caption@indent=\dimen157
\caption@parindent=\dimen158
\caption@hangindent=\dimen159
Package caption Info: Standard document class detected.
)
\c@caption@flags=\count266
\c@continuedfloat=\count267
)
\c@subfigure=\count268
\c@subtable=\count269
)
(C:\Users\j1prs01\AppData\Roaming\MiKTeX\tex/latex/latex-tools\afterpage.sty
Package: afterpage 2014/10/28 v1.08 After-Page Package (DPC)
\AP@output=\toks23
\AP@partial=\box50
\AP@footins=\box51
)
(C:\Users\j1prs01\AppData\Roaming\MiKTeX\tex/latex/appendix\appendix.sty
Package: appendix 2020/02/08 v1.2c extra appendix facilities
\c@@pps=\count270
\c@@ppsavesec=\count271
\c@@ppsaveapp=\count272
)
(C:\Users\j1prs01\AppData\Roaming\MiKTeX\tex/latex/preprint\fullpage.sty
Package: fullpage 1999/02/23 1.1 (PWD)
\FP@margin=\skip55
)
("C:\Program Files\MiKTeX\tex/latex/hyperref\hyperref.sty"
Package: hyperref 2020-05-15 v7.00e Hypertext links for LaTeX

(C:\Users\j1prs01\AppData\Roaming\MiKTeX\tex/generic/ltxcmds\ltxcmds.sty
Package: ltxcmds 2020-05-10 v1.25 LaTeX kernel commands for general use (HO)
)
("C:\Program Files\MiKTeX\tex/generic/iftex\iftex.sty"
Package: iftex 2020/03/06 v1.0d TeX engine tests
)
("C:\Program Files\MiKTeX\tex/generic/pdftexcmds\pdftexcmds.sty"
Package: pdftexcmds 2020-06-27 v0.33 Utility functions of pdfTeX for LuaTeX (HO
)

(C:\Users\j1prs01\AppData\Roaming\MiKTeX\tex/generic/infwarerr\infwarerr.sty
Package: infwarerr 2019/12/03 v1.5 Providing info/warning/error messages (HO)
)
Package pdftexcmds Info: \pdf@primitive is available.
Package pdftexcmds Info: \pdf@ifprimitive is available.
Package pdftexcmds Info: \pdfdraftmode found.
)
(C:\Users\j1prs01\AppData\Roaming\MiKTeX\tex/generic/kvsetkeys\kvsetkeys.sty
Package: kvsetkeys 2019/12/15 v1.18 Key value parser (HO)
)
(C:\Users\j1prs01\AppData\Roaming\MiKTeX\tex/generic/kvdefinekeys\kvdefinekeys.
sty
Package: kvdefinekeys 2019-12-19 v1.6 Define keys (HO)
)
(C:\Users\j1prs01\AppData\Roaming\MiKTeX\tex/generic/pdfescape\pdfescape.sty
Package: pdfescape 2019/12/09 v1.15 Implements pdfTeX's escape features (HO)
)
(C:\Users\j1prs01\AppData\Roaming\MiKTeX\tex/latex/hycolor\hycolor.sty
Package: hycolor 2020-01-27 v1.10 Color options for hyperref/bookmark (HO)
)
(C:\Users\j1prs01\AppData\Roaming\MiKTeX\tex/latex/letltxmacro\letltxmacro.sty
Package: letltxmacro 2019/12/03 v1.6 Let assignment for LaTeX macros (HO)
) (C:\Users\j1prs01\AppData\Roaming\MiKTeX\tex/latex/auxhook\auxhook.sty
Package: auxhook 2019-12-17 v1.6 Hooks for auxiliary files (HO)
)
(C:\Users\j1prs01\AppData\Roaming\MiKTeX\tex/latex/kvoptions\kvoptions.sty
Package: kvoptions 2020-10-07 v3.14 Key value format for package options (HO)
)
\@linkdim=\dimen160
\Hy@linkcounter=\count273
\Hy@pagecounter=\count274

("C:\Program Files\MiKTeX\tex/latex/hyperref\pd1enc.def"
File: pd1enc.def 2020-05-15 v7.00e Hyperref: PDFDocEncoding definition (HO)
Now handling font encoding PD1 ...
... no UTF-8 mapping file for font encoding PD1
)
(C:\Users\j1prs01\AppData\Roaming\MiKTeX\tex/generic/intcalc\intcalc.sty
Package: intcalc 2019/12/15 v1.3 Expandable calculations with integers (HO)
)
(C:\Users\j1prs01\AppData\Roaming\MiKTeX\tex/generic/etexcmds\etexcmds.sty
Package: etexcmds 2019/12/15 v1.7 Avoid name clashes with e-TeX commands (HO)
)
\Hy@SavedSpaceFactor=\count275
Package hyperref Info: Option `breaklinks' set `true' on input line 4338.
Package hyperref Info: Hyper figures OFF on input line 4464.
Package hyperref Info: Link nesting OFF on input line 4469.
Package hyperref Info: Hyper index ON on input line 4472.
Package hyperref Info: Plain pages OFF on input line 4479.
Package hyperref Info: Backreferencing OFF on input line 4484.
Package hyperref Info: Implicit mode ON; LaTeX internals redefined.
Package hyperref Info: Bookmarks ON on input line 4717.
\c@Hy@tempcnt=\count276

("C:\Program Files\MiKTeX\tex/latex/url\url.sty"
\Urlmuskip=\muskip17
Package: url 2013/09/16  ver 3.4  Verb mode for urls, etc.
)
LaTeX Info: Redefining \url on input line 5076.
\XeTeXLinkMargin=\dimen161

(C:\Users\j1prs01\AppData\Roaming\MiKTeX\tex/generic/bitset\bitset.sty
Package: bitset 2019/12/09 v1.3 Handle bit-vector datatype (HO)

(C:\Users\j1prs01\AppData\Roaming\MiKTeX\tex/generic/bigintcalc\bigintcalc.sty
Package: bigintcalc 2019/12/15 v1.5 Expandable calculations on big integers (HO
)
))
\Fld@menulength=\count277
\Field@Width=\dimen162
\Fld@charsize=\dimen163
Package hyperref Info: Hyper figures OFF on input line 6347.
Package hyperref Info: Link nesting OFF on input line 6352.
Package hyperref Info: Hyper index ON on input line 6355.
Package hyperref Info: backreferencing OFF on input line 6362.
Package hyperref Info: Link coloring OFF on input line 6367.
Package hyperref Info: Link coloring with OCG OFF on input line 6372.
Package hyperref Info: PDF/A mode OFF on input line 6377.
LaTeX Info: Redefining \ref on input line 6417.
LaTeX Info: Redefining \pageref on input line 6421.
 ("C:\Program Files\MiKTeX\tex/latex/base\atbegshi-ltx.sty"
Package: atbegshi-ltx 2020/08/17 v1.0a Emulation of the original atbegshi packa
ge
with kernel methods
)
\Hy@abspage=\count278
\c@Item=\count279
\c@Hfootnote=\count280
)
Package hyperref Info: Driver (autodetected): hpdftex.

("C:\Program Files\MiKTeX\tex/latex/hyperref\hpdftex.def"
File: hpdftex.def 2020-05-15 v7.00e Hyperref driver for pdfTeX

("C:\Program Files\MiKTeX\tex/latex/base\atveryend-ltx.sty"
Package: atveryend-ltx 2020/08/19 v1.0a Emulation of the original atvery packag
e
with kernel methods
)
\Fld@listcount=\count281
\c@bookmark@seq@number=\count282

(C:\Users\j1prs01\AppData\Roaming\MiKTeX\tex/latex/rerunfilecheck\rerunfilechec
k.sty
Package: rerunfilecheck 2019/12/05 v1.9 Rerun checks for auxiliary files (HO)

(C:\Users\j1prs01\AppData\Roaming\MiKTeX\tex/generic/uniquecounter\uniquecounte
r.sty
Package: uniquecounter 2019/12/15 v1.4 Provide unlimited unique counter (HO)
)
Package uniquecounter Info: New unique counter `rerunfilecheck' on input line 2
86.
)
\Hy@SectionHShift=\skip56
) ("C:\Program Files\MiKTeX\tex/latex/graphics\rotating.sty"
Package: rotating 2016/08/11 v2.16d rotated objects in LaTeX

("C:\Program Files\MiKTeX\tex/latex/base\ifthen.sty"
Package: ifthen 2014/09/29 v1.1c Standard LaTeX ifthen package (DPC)
)
\c@r@tfl@t=\count283
\rotFPtop=\skip57
\rotFPbot=\skip58
\rot@float@box=\box52
\rot@mess@toks=\toks24
)
("C:\Program Files\MiKTeX\tex/latex/graphics\lscape.sty"
Package: lscape 2020/05/28 v3.02 Landscape Pages (DPC)
)
("C:\Program Files\MiKTeX\tex/latex/base\textcomp.sty"
Package: textcomp 2020/02/02 v2.0n Standard LaTeX package
)
(C:\Users\j1prs01\AppData\Roaming\MiKTeX\tex/latex/latex-tools\bm.sty
Package: bm 2019/07/24 v1.2d Bold Symbol Support (DPC/FMi)
\symboldoperators=\mathgroup6
\symboldletters=\mathgroup7
\symboldsymbols=\mathgroup8
LaTeX Font Info:    Redeclaring math alphabet \mathbf on input line 141.
LaTeX Info: Redefining \bm on input line 209.
)
(C:\Users\j1prs01\AppData\Roaming\MiKTeX\tex/latex/threeparttable\threeparttabl
e.sty
Package: threeparttable 2003/06/13  v 3.0
\@tempboxb=\box53
) ("C:\Program Files\MiKTeX\tex/latex/etoolbox\etoolbox.sty"
Package: etoolbox 2020/10/05 v2.5k e-TeX tools for LaTeX (JAW)
\etb@tempcnta=\count284
)
(C:\Users\j1prs01\AppData\Roaming\MiKTeX\tex/latex/latex-tools\tabularx.sty
Package: tabularx 2020/01/15 v2.11c `tabularx' package (DPC)

(C:\Users\j1prs01\AppData\Roaming\MiKTeX\tex/latex/latex-tools\array.sty
Package: array 2020/10/01 v2.5c Tabular extension package (FMi)
\col@sep=\dimen164
\ar@mcellbox=\box54
\extrarowheight=\dimen165
\NC@list=\toks25
\extratabsurround=\skip59
\backup@length=\skip60
\ar@cellbox=\box55
)
\TX@col@width=\dimen166
\TX@old@table=\dimen167
\TX@old@col=\dimen168
\TX@target=\dimen169
\TX@delta=\dimen170
\TX@cols=\count285
\TX@ftn=\toks26
)
(C:\Users\j1prs01\AppData\Roaming\MiKTeX\tex/latex/mdwtools\footnote.sty
Package: footnote 1997/01/28 1.13 Save footnotes around boxes
\fn@notes=\box56
\fn@width=\dimen171
)
(C:\Users\j1prs01\AppData\Roaming\MiKTeX\tex/latex/footmisc\footmisc.sty
Package: footmisc 2011/06/06 v5.5b a miscellany of footnote facilities
\FN@temptoken=\toks27
\footnotemargin=\dimen172
\c@pp@next@reset=\count286
Package footmisc Info: Declaring symbol style bringhurst on input line 855.
Package footmisc Info: Declaring symbol style chicago on input line 863.
Package footmisc Info: Declaring symbol style wiley on input line 872.
Package footmisc Info: Declaring symbol style lamport-robust on input line 883.

Package footmisc Info: Declaring symbol style lamport* on input line 903.
Package footmisc Info: Declaring symbol style lamport*-robust on input line 924
.
)
("C:\Program Files\MiKTeX\tex/latex/ragged2e\ragged2e.sty"
Package: ragged2e 2019/07/28 v2.2 ragged2e Package (MS)


LaTeX Warning: Command \@arrayparboxrestore  has changed.
               Check if current package is valid.

(C:\Users\j1prs01\AppData\Roaming\MiKTeX\tex/latex/everysel\everysel.sty
Package: everysel 2021/01/20 v2.1 EverySelectfont Package (MS)

(C:\Users\j1prs01\AppData\Roaming\MiKTeX\tex/latex/everysel\everysel-2011-10-28
.sty))
\CenteringLeftskip=\skip61
\RaggedLeftLeftskip=\skip62
\RaggedRightLeftskip=\skip63
\CenteringRightskip=\skip64
\RaggedLeftRightskip=\skip65
\RaggedRightRightskip=\skip66
\CenteringParfillskip=\skip67
\RaggedLeftParfillskip=\skip68
\RaggedRightParfillskip=\skip69
\JustifyingParfillskip=\skip70
\CenteringParindent=\skip71
\RaggedLeftParindent=\skip72
\RaggedRightParindent=\skip73
\JustifyingParindent=\skip74
)
(C:\Users\j1prs01\AppData\Roaming\MiKTeX\tex/latex/geometry\geometry.sty
Package: geometry 2020/01/02 v5.9 Page Geometry

("C:\Program Files\MiKTeX\tex/generic/iftex\ifvtex.sty"
Package: ifvtex 2019/10/25 v1.7 ifvtex legacy package. Use iftex instead.
)
\Gm@cnth=\count287
\Gm@cntv=\count288
\c@Gm@tempcnt=\count289
\Gm@bindingoffset=\dimen173
\Gm@wd@mp=\dimen174
\Gm@odd@mp=\dimen175
\Gm@even@mp=\dimen176
\Gm@layoutwidth=\dimen177
\Gm@layoutheight=\dimen178
\Gm@layouthoffset=\dimen179
\Gm@layoutvoffset=\dimen180
\Gm@dimlist=\toks28

(C:\Users\j1prs01\AppData\Roaming\MiKTeX\tex/latex/geometry\geometry.cfg))
("C:\Program Files\MiKTeX\tex/latex/xcolor\xcolor.sty"
Package: xcolor 2016/05/11 v2.12 LaTeX color extensions (UK)

("C:\Program Files\MiKTeX\tex/latex/graphics-cfg\color.cfg"
File: color.cfg 2016/01/02 v1.6 sample color configuration
)
Package xcolor Info: Driver file: pdftex.def on input line 225.
Package xcolor Info: Model `cmy' substituted by `cmy0' on input line 1348.
Package xcolor Info: Model `hsb' substituted by `rgb' on input line 1352.
Package xcolor Info: Model `RGB' extended on input line 1364.
Package xcolor Info: Model `HTML' substituted by `rgb' on input line 1366.
Package xcolor Info: Model `Hsb' substituted by `hsb' on input line 1367.
Package xcolor Info: Model `tHsb' substituted by `hsb' on input line 1368.
Package xcolor Info: Model `HSB' substituted by `hsb' on input line 1369.
Package xcolor Info: Model `Gray' substituted by `gray' on input line 1370.
Package xcolor Info: Model `wave' substituted by `hsb' on input line 1371.
)
Package hyperref Info: Option `colorlinks' set `true' on input line 50.

(C:\Users\j1prs01\AppData\Roaming\MiKTeX\tex/latex/fp\fp.sty
Package: fp 1995/04/02

`Fixed Point Package', Version 0.8, April 2, 1995 (C) Michael Mehlich
(C:\Users\j1prs01\AppData\Roaming\MiKTeX\tex/latex/fp\defpattern.sty
Package: defpattern 1994/10/12
\actioncount=\count290
)
(C:\Users\j1prs01\AppData\Roaming\MiKTeX\tex/latex/fp\fp-basic.sty
Package: fp-basic 1996/05/13
\FP@xs=\count291
\FP@xia=\count292
\FP@xib=\count293
\FP@xfa=\count294
\FP@xfb=\count295
\FP@rega=\count296
\FP@regb=\count297
\FP@regs=\count298
\FP@times=\count299
)
(C:\Users\j1prs01\AppData\Roaming\MiKTeX\tex/latex/fp\fp-addons.sty
Package: fp-addons 1995/03/15
)
(C:\Users\j1prs01\AppData\Roaming\MiKTeX\tex/latex/fp\fp-snap.sty
Package: fp-snap 1995/04/05
)
(C:\Users\j1prs01\AppData\Roaming\MiKTeX\tex/latex/fp\fp-exp.sty
Package: fp-exp 1995/04/03
)
(C:\Users\j1prs01\AppData\Roaming\MiKTeX\tex/latex/fp\fp-trigo.sty
Package: fp-trigo 1995/04/14
)
(C:\Users\j1prs01\AppData\Roaming\MiKTeX\tex/latex/fp\fp-pas.sty
Package: fp-pas 1994/08/29
)
(C:\Users\j1prs01\AppData\Roaming\MiKTeX\tex/latex/fp\fp-random.sty
Package: fp-random 1995/02/23
\FPseed=\count300
)
(C:\Users\j1prs01\AppData\Roaming\MiKTeX\tex/latex/fp\fp-eqn.sty
Package: fp-eqn 1995/04/03
)
(C:\Users\j1prs01\AppData\Roaming\MiKTeX\tex/latex/fp\fp-upn.sty
Package: fp-upn 1996/10/21
)
(C:\Users\j1prs01\AppData\Roaming\MiKTeX\tex/latex/fp\fp-eval.sty
Package: fp-eval 1995/04/03
))
(C:\Users\j1prs01\AppData\Roaming\MiKTeX\tex/latex/booktabs\booktabs.sty
Package: booktabs 2020/01/12 v1.61803398 Publication quality tables
\heavyrulewidth=\dimen181
\lightrulewidth=\dimen182
\cmidrulewidth=\dimen183
\belowrulesep=\dimen184
\belowbottomsep=\dimen185
\aboverulesep=\dimen186
\abovetopsep=\dimen187
\cmidrulesep=\dimen188
\cmidrulekern=\dimen189
\defaultaddspace=\dimen190
\@cmidla=\count301
\@cmidlb=\count302
\@aboverulesep=\dimen191
\@belowrulesep=\dimen192
\@thisruleclass=\count303
\@lastruleclass=\count304
\@thisrulewidth=\dimen193
)
\c@savefootnote=\count305
\c@symfootnote=\count306
\mytabularbox=\box57
\figwidthc=\count307
\textwidthc=\count308

("C:\Program Files\MiKTeX\tex/latex/l3backend\l3backend-pdftex.def"
File: l3backend-pdftex.def 2020-01-29 L3 backend support: PDF output (pdfTeX)
\l__color_backend_stack_int=\count309
\l__pdf_internal_box=\box58
)
(jfs_revision_r3.aux)
\openout1 = `jfs_revision_r3.aux'.

LaTeX Font Info:    Checking defaults for OML/cmm/m/it on input line 105.
LaTeX Font Info:    ... okay on input line 105.
LaTeX Font Info:    Checking defaults for OMS/cmsy/m/n on input line 105.
LaTeX Font Info:    ... okay on input line 105.
LaTeX Font Info:    Checking defaults for OT1/cmr/m/n on input line 105.
LaTeX Font Info:    ... okay on input line 105.
LaTeX Font Info:    Checking defaults for T1/cmr/m/n on input line 105.
LaTeX Font Info:    ... okay on input line 105.
LaTeX Font Info:    Checking defaults for TS1/cmr/m/n on input line 105.
LaTeX Font Info:    ... okay on input line 105.
LaTeX Font Info:    Checking defaults for OMX/cmex/m/n on input line 105.
LaTeX Font Info:    ... okay on input line 105.
LaTeX Font Info:    Checking defaults for U/cmr/m/n on input line 105.
LaTeX Font Info:    ... okay on input line 105.
LaTeX Font Info:    Checking defaults for PD1/pdf/m/n on input line 105.
LaTeX Font Info:    ... okay on input line 105.

("C:\Program Files\MiKTeX\tex/context/base/mkii\supp-pdf.mkii"
[Loading MPS to PDF converter (version 2006.09.02).]
\scratchcounter=\count310
\scratchdimen=\dimen194
\scratchbox=\box59
\nofMPsegments=\count311
\nofMParguments=\count312
\everyMPshowfont=\toks29
\MPscratchCnt=\count313
\MPscratchDim=\dimen195
\MPnumerator=\count314
\makeMPintoPDFobject=\count315
\everyMPtoPDFconversion=\toks30
) ("C:\Program Files\MiKTeX\tex/latex/epstopdf-pkg\epstopdf-base.sty"
Package: epstopdf-base 2020-01-24 v2.11 Base part for package epstopdf
Package epstopdf-base Info: Redefining graphics rule for `.eps' on input line 4
85.
)
Package caption Info: Begin \AtBeginDocument code.
Package caption Info: hyperref package is loaded.
Package caption Info: rotating package is loaded.
Package caption Info: threeparttable package is loaded.
Package caption Info: End \AtBeginDocument code.
Package hyperref Info: Link coloring ON on input line 105.

("C:\Program Files\MiKTeX\tex/latex/hyperref\nameref.sty"
Package: nameref 2019/09/16 v2.46 Cross-referencing by name of section

(C:\Users\j1prs01\AppData\Roaming\MiKTeX\tex/latex/refcount\refcount.sty
Package: refcount 2019/12/15 v3.6 Data extraction from label references (HO)
)
(C:\Users\j1prs01\AppData\Roaming\MiKTeX\tex/generic/gettitlestring\gettitlestr
ing.sty
Package: gettitlestring 2019/12/15 v1.6 Cleanup title references (HO)
)
\c@section@level=\count316
)
LaTeX Info: Redefining \ref on input line 105.
LaTeX Info: Redefining \pageref on input line 105.
LaTeX Info: Redefining \nameref on input line 105.
 (jfs_revision_r3.out) (jfs_revision_r3.out)
\@outlinefile=\write3
\openout3 = `jfs_revision_r3.out'.


ABD: EverySelectfont initializing macros
LaTeX Info: Redefining \selectfont on input line 105.

*geometry* driver: auto-detecting
*geometry* detected driver: pdftex
*geometry* verbose mode - [ preamble ] result:
* driver: pdftex
* paper: letterpaper
* layout: <same size as paper>
* layoutoffset:(h,v)=(0.0pt,0.0pt)
* modes: 
* h-part:(L,W,R)=(92.14519pt, 430.00462pt, 92.14519pt)
* v-part:(T,H,B)=(95.39737pt, 556.47656pt, 143.09605pt)
* \paperwidth=614.295pt
* \paperheight=794.96999pt
* \textwidth=430.00462pt
* \textheight=556.47656pt
* \oddsidemargin=19.8752pt
* \evensidemargin=19.8752pt
* \topmargin=23.12738pt
* \headheight=0.0pt
* \headsep=0.0pt
* \topskip=12.0pt
* \footskip=30.0pt
* \marginparwidth=44.0pt
* \marginparsep=10.0pt
* \columnsep=10.0pt
* \skip\footins=10.8pt plus 4.0pt minus 2.0pt
* \hoffset=0.0pt
* \voffset=0.0pt
* \mag=1000
* \@twocolumnfalse
* \@twosidefalse
* \@mparswitchfalse
* \@reversemarginfalse
* (1in=72.27pt=25.4mm, 1cm=28.453pt)

LaTeX Font Info:    Trying to load font information for U+msa on input line 119
.
("C:\Program Files\MiKTeX\tex/latex/amsfonts\umsa.fd"
File: umsa.fd 2013/01/14 v3.01 AMS symbols A
)
LaTeX Font Info:    Trying to load font information for U+msb on input line 119
.

("C:\Program Files\MiKTeX\tex/latex/amsfonts\umsb.fd"
File: umsb.fd 2013/01/14 v3.01 AMS symbols B
)
\c@kcfed=\count317

Overfull \hbox (4.72566pt too wide) in paragraph at lines 123--126
[]\OT1/cmr/m/n/10.95 Credit con-trac-tions are costly, but pol-i-cy-mak-ers hav
e lim-ited tools to counter
 []


Underfull \hbox (badness 10000) in paragraph at lines 123--126

 []


Underfull \hbox (badness 10000) in paragraph at lines 127--128

 []

[1

{C:/Users/j1prs01/AppData/Local/MiKTeX/pdftex/config/pdftex.map}] [2]pdfTeX war
ning (ext4): destination with the same identifier (name{page.1}) has been alrea
dy used, duplicate ignored
<to be read again> 
                   \relax 
l.147 
       [1

]pdfTeX warning (ext4): destination with the same identifier (name{page.2}) has
 been already used, duplicate ignored
<to be read again> 
                   \relax 
l.153 
       [2] [3] [4] [5] [6] [7] [8] [9] [10] [11]
(tables/variable_descriptions.tex) [12] [13] [14] [15] [16]
(tables/summary_stats_by_ppp_participation_RR.tex
Overfull \hbox (68.02222pt too wide) in paragraph at lines 7--48
 [][] 
 []

) [17

] (tables/bayes_participation_tech_ci.tex) [18

] [19] [20] [21] [22]
(tables/bayes_outcome_tech_p_short.tex) (tables/bayes_outcome_tech_np_short.tex
) [23

] [24

] [25] (tables/covar_sym_main_tech.tex) [26]
(tables/robustness_methods.tex) [27]
(tables/bayes_participation_tech_ci_ppplf.tex)
(tables/bayes_outcome_tech_p_short_ppplf.tex) [28] [29] [30] [31] [32] [33]
[34] (charts/counterfactual_subfigures.tex
Package epstopdf Info: Source file: <./charts/counterfactual_cigwth_tech.eps>
(epstopdf)                    date: 2024-02-15 21:10:40
(epstopdf)                    size: 28188 bytes
(epstopdf)             Output file: <./charts/counterfactual_cigwth_tech-eps-co
nverted-to.pdf>
(epstopdf)                    date: 2024-02-15 16:32:36
(epstopdf)                    size: 7683 bytes
(epstopdf)             Command: <epstopdf --outfile=./charts/counterfactual_cig
wth_tech-eps-converted-to.pdf ./charts/counterfactual_cigwth_tech.eps>
(epstopdf)             \includegraphics on input line 5.
runsystem(epstopdf --outfile=./charts/counterfactual_cigwth_tech-eps-converted-
to.pdf ./charts/counterfactual_cigwth_tech.eps)...executed (allowed).

Package epstopdf Info: Result file: <./charts/counterfactual_cigwth_tech-eps-co
nverted-to.pdf>
(epstopdf)                    date: 2024-02-15 16:32:47
(epstopdf)                    size: 7683 bytes.


pdfTeX warning: pdflatex.exe (file ./charts/counterfactual_cigwth_tech-eps-conv
erted-to.pdf): PDF inclusion: found PDF version <1.7>, but at most version <1.5
> allowed
<./charts/counterfactual_cigwth_tech-eps-converted-to.pdf, id=688, 770.88pt x 2
27.85126pt>
File: ./charts/counterfactual_cigwth_tech-eps-converted-to.pdf Graphic file (ty
pe pdf)
<use ./charts/counterfactual_cigwth_tech-eps-converted-to.pdf>
Package pdftex.def Info: ./charts/counterfactual_cigwth_tech-eps-converted-to.p
df  used on input line 5.
(pdftex.def)             Requested size: 385.43906pt x 113.92534pt.
Package epstopdf Info: Source file: <./charts/counterfactual_cregwth_tech.eps>
(epstopdf)                    date: 2024-02-15 21:10:40
(epstopdf)                    size: 29310 bytes
(epstopdf)             Output file: <./charts/counterfactual_cregwth_tech-eps-c
onverted-to.pdf>
(epstopdf)                    date: 2024-02-15 16:32:37
(epstopdf)                    size: 7807 bytes
(epstopdf)             Command: <epstopdf --outfile=./charts/counterfactual_cre
gwth_tech-eps-converted-to.pdf ./charts/counterfactual_cregwth_tech.eps>
(epstopdf)             \includegraphics on input line 20.
runsystem(epstopdf --outfile=./charts/counterfactual_cregwth_tech-eps-converted
-to.pdf ./charts/counterfactual_cregwth_tech.eps)...executed (allowed).

Package epstopdf Info: Result file: <./charts/counterfactual_cregwth_tech-eps-c
onverted-to.pdf>
(epstopdf)                    date: 2024-02-15 16:32:48
(epstopdf)                    size: 7807 bytes.


pdfTeX warning: pdflatex.exe (file ./charts/counterfactual_cregwth_tech-eps-con
verted-to.pdf): PDF inclusion: found PDF version <1.7>, but at most version <1.
5> allowed
<./charts/counterfactual_cregwth_tech-eps-converted-to.pdf, id=689, 770.88pt x 
227.85126pt>
File: ./charts/counterfactual_cregwth_tech-eps-converted-to.pdf Graphic file (t
ype pdf)
<use ./charts/counterfactual_cregwth_tech-eps-converted-to.pdf>
Package pdftex.def Info: ./charts/counterfactual_cregwth_tech-eps-converted-to.
pdf  used on input line 20.
(pdftex.def)             Requested size: 385.43906pt x 113.92534pt.
Package epstopdf Info: Source file: <./charts/counterfactual_dnim_tech.eps>
(epstopdf)                    date: 2024-02-15 21:10:40
(epstopdf)                    size: 19514 bytes
(epstopdf)             Output file: <./charts/counterfactual_dnim_tech-eps-conv
erted-to.pdf>
(epstopdf)                    date: 2024-02-15 16:32:38
(epstopdf)                    size: 7347 bytes
(epstopdf)             Command: <epstopdf --outfile=./charts/counterfactual_dni
m_tech-eps-converted-to.pdf ./charts/counterfactual_dnim_tech.eps>
(epstopdf)             \includegraphics on input line 28.
runsystem(epstopdf --outfile=./charts/counterfactual_dnim_tech-eps-converted-to
.pdf ./charts/counterfactual_dnim_tech.eps)...executed (allowed).

Package epstopdf Info: Result file: <./charts/counterfactual_dnim_tech-eps-conv
erted-to.pdf>
(epstopdf)                    date: 2024-02-15 16:32:49
(epstopdf)                    size: 7347 bytes.


pdfTeX warning: pdflatex.exe (file ./charts/counterfactual_dnim_tech-eps-conver
ted-to.pdf): PDF inclusion: found PDF version <1.7>, but at most version <1.5> 
allowed
<./charts/counterfactual_dnim_tech-eps-converted-to.pdf, id=690, 770.88pt x 227
.85126pt>
File: ./charts/counterfactual_dnim_tech-eps-converted-to.pdf Graphic file (type
 pdf)
<use ./charts/counterfactual_dnim_tech-eps-converted-to.pdf>
Package pdftex.def Info: ./charts/counterfactual_dnim_tech-eps-converted-to.pdf
  used on input line 28.
(pdftex.def)             Requested size: 385.43906pt x 113.92534pt.
) [35 <./charts/counterfactual_cigwth_tech-eps-converted-to.pdf> <./charts/coun
terfactual_cregwth_tech-eps-converted-to.pdf> <./charts/counterfactual_dnim_tec
h-eps-converted-to.pdf>] [36] (tables/counterfact_decomp_tech_short.tex)
[37] [38] [39] [40] (tables/compare_inst1_relevance_te_ci.tex) [41]
(tables/compare_inst2_relevance_te_ci.tex) [42] (tables/robustness_qtrs.tex)
[43] [44] (tables/robustness_ci_draws.tex) [45] [46] [47] (jfs_revision_r3.bbl
[48

] [49] [50]
Underfull \hbox (badness 1902) in paragraph at lines 231--235
\OT1/cmr/m/it/12 able at SSRN: [][]$\OT1/cmtt/m/it/12 https : / / papers . ssrn
 . com / sol3 / papers . cfm ? abstract _
 []


Underfull \hbox (badness 1231) in paragraph at lines 252--257
\OT1/cmr/m/n/12 guaranteed loans.  \OT1/cmr/m/it/12 Re-view of Fi-nance, forth-
com-ing https://academic. oup.
 []

[51] [52]) [53]
<./charts/dag.jpg, id=882, 415.5525pt x 301.125pt>
File: ./charts/dag.jpg Graphic file (type jpg)
<use ./charts/dag.jpg>
Package pdftex.def Info: ./charts/dag.jpg  used on input line 475.
(pdftex.def)             Requested size: 249.33342pt x 180.67638pt.
 [54


 <./charts/dag.jpg>]
Overfull \hbox (8.14874pt too wide) in paragraph at lines 482--483
\OT1/cmr/m/n/12 vari-ance ma-trix $\OT1/cmr/bx/n/12 
$ \OT1/cmr/m/n/12 de-picts the re-la-tion-ships be-tween un-ob-serv-ables $\OML
/cmm/m/it/12 [] \OT1/cmr/m/n/12 = (\OML/cmm/m/it/12 []; []; []; []\OT1/cmr
/m/n/12 )$. 
 []

[55] [56] [57] [58] [59] (online_appendix.tex [60


]pdfTeX warning (ext4): destination with the same identifier (name{appendix.A})
 has been already used, duplicate ignored
<to be read again> 
                   \relax 
l.15 ...ulation Study\label{onappx_sec:sim_study}}
                                                  
(tables/online_appendix/sim_results.tex) [61

] [62

]
Package epstopdf Info: Source file: <./charts/online_appendix/employment_growth
_quartiles.eps>
(epstopdf)                    date: 2024-02-15 21:10:40
(epstopdf)                    size: 13070 bytes
(epstopdf)             Output file: <./charts/online_appendix/employment_growth
_quartiles-eps-converted-to.pdf>
(epstopdf)                    date: 2024-02-15 16:32:40
(epstopdf)                    size: 14615 bytes
(epstopdf)             Command: <epstopdf --outfile=./charts/online_appendix/em
ployment_growth_quartiles-eps-converted-to.pdf ./charts/online_appendix/employm
ent_growth_quartiles.eps>
(epstopdf)             \includegraphics on input line 43.
runsystem(epstopdf --outfile=./charts/online_appendix/employment_growth_quartil
es-eps-converted-to.pdf ./charts/online_appendix/employment_growth_quartiles.ep
s)...executed (allowed).

Package epstopdf Info: Result file: <./charts/online_appendix/employment_growth
_quartiles-eps-converted-to.pdf>
(epstopdf)                    date: 2024-02-15 16:32:50
(epstopdf)                    size: 14615 bytes.


pdfTeX warning: pdflatex.exe (file ./charts/online_appendix/employment_growth_q
uartiles-eps-converted-to.pdf): PDF inclusion: found PDF version <1.7>, but at 
most version <1.5> allowed
<./charts/online_appendix/employment_growth_quartiles-eps-converted-to.pdf, id=
969, 578.16pt x 758.835pt>
File: ./charts/online_appendix/employment_growth_quartiles-eps-converted-to.pdf
 Graphic file (type pdf)
<use ./charts/online_appendix/employment_growth_quartiles-eps-converted-to.pdf>

Package pdftex.def Info: ./charts/online_appendix/employment_growth_quartiles-e
ps-converted-to.pdf  used on input line 43.
(pdftex.def)             Requested size: 578.15858pt x 758.83316pt.
[63 <./charts/online_appendix/employment_growth_quartiles-eps-converted-to.pdf>
] [64



] (tables/online_appendix/bayes_participation_tech_app_corrected.tex
Overfull \hbox (24.0326pt too wide) in paragraph at lines 5--42
 [][] 
 []

) [65

] (tables/online_appendix/bayes_outcome_tech_p.tex
Overfull \hbox (24.05484pt too wide) in paragraph at lines 5--38
 [][] 
 []

) [66] (tables/online_appendix/bayes_outcome_tech_np.tex
Overfull \hbox (24.06154pt too wide) in paragraph at lines 5--36
 [][] 
 []

) [67






] (tables/online_appendix/ppplf_intensity_short.tex) [68

] [69] [70

]
(tables/online_appendix/covar_tech.tex) [71

] [72

] [73]
(tables/online_appendix/OLS_part_reducedform_2019.tex ( FP-DIV ) ( FP-MIN ))
(tables/online_appendix/OLS_reducedform_2019.tex ( FP-DIV ) ( FP-MIN ))
[74

] [75] [76] [77]
(tables/online_appendix/bayes_participation_tech_ci_z2ineq1.tex)
(tables/online_appendix/treat_eff_z2_in_eq1.tex
Overfull \hbox (20.75784pt too wide) in paragraph at lines 8--24
 [] 
 []

) (tables/online_appendix/combined_first_stage_all_inst.tex)
(tables/online_appendix/combined_treat_eff_all_inst.tex
Overfull \hbox (29.3066pt too wide) in paragraph at lines 7--29
 [] 
 []

) [78] [79] [80] [81] [82] [83

]
(tables/online_appendix/bayes_treat_eff_subsample.tex
Overfull \hbox (59.0521pt too wide) in paragraph at lines 6--17
 [][] 
 []

) [84] [85

] (tables/online_appendix/bayes_participation_q2_tech.tex
Overfull \hbox (24.04617pt too wide) in paragraph at lines 5--42
 [][] 
 []

) [86

] (tables/online_appendix/bayes_participation_q3_tech.tex
Overfull \hbox (24.02861pt too wide) in paragraph at lines 5--42
 [][] 
 []

) [87


] [88

] (tables/online_appendix/bayes_outcome_q2_tech.tex
Overfull \hbox (24.03903pt too wide) in paragraph at lines 5--40
 [][] 
 []

) [89

] (tables/online_appendix/bayes_outcome_q3_tech.tex
Overfull \hbox (24.04387pt too wide) in paragraph at lines 5--40
 [][] 
 []

) [90


] [91

] (tables/online_appendix/covar_q2_tech.tex) [92

]
(tables/online_appendix/covar_q3_tech.tex) [93


] [94

]
(tables/online_appendix/bayes_participation_q4.tex
Overfull \hbox (24.04623pt too wide) in paragraph at lines 5--42
 [][] 
 []

) [95

] [96

] (tables/online_appendix/bayes_outcome_q4.tex
Overfull \hbox (24.0576pt too wide) in paragraph at lines 5--40
 [][] 
 []

) [97

] [98

] (tables/online_appendix/covar_q4.tex) [99

] [100


]
(tables/online_appendix/ci_draw_dnim.tex
Overfull \hbox (24.05388pt too wide) in paragraph at lines 6--25
 [][] 
 []

) [101

] [102

] (tables/online_appendix/ci_draw_cigwth.tex
Overfull \hbox (24.0361pt too wide) in paragraph at lines 6--25
 [][] 
 []

) [103

] (tables/online_appendix/ci_draw_nonppp_cigwth.tex
Overfull \hbox (24.06482pt too wide) in paragraph at lines 6--25
 [][] 
 []

) [104


] [105


] (tables/online_appendix/ci_draw_cregwth.tex
Overfull \hbox (24.03133pt too wide) in paragraph at lines 6--25
 [][] 
 []

) [106

] [107


] [108] (tables/online_appendix/counterfact_decomp_tech.tex
Overfull \hbox (24.05115pt too wide) in paragraph at lines 5--36
 [][] 
 []

) [109

]

Package hyperref Warning: Token not allowed in a PDF string (PDFDocEncoding):
(hyperref)                removing `math shift' on input line 295.


Package hyperref Warning: Token not allowed in a PDF string (PDFDocEncoding):
(hyperref)                removing `\Delta' on input line 295.


Package hyperref Warning: Token not allowed in a PDF string (PDFDocEncoding):
(hyperref)                removing `math shift' on input line 295.

[110

] (tables/online_appendix/nim_asst_gwth.tex)
(tables/online_appendix/counterfact_pred_alll.tex
Overfull \hbox (37.78415pt too wide) in paragraph at lines 5--18
 [][] 
 []

) [111] [112]
Package epstopdf Info: Source file: <./charts/online_appendix/CBO_growth_rates_
cumulative.eps>
(epstopdf)                    date: 2024-02-15 21:10:42
(epstopdf)                    size: 4853 bytes
(epstopdf)             Output file: <./charts/online_appendix/CBO_growth_rates_
cumulative-eps-converted-to.pdf>
(epstopdf)                    date: 2024-02-15 16:32:41
(epstopdf)                    size: 9046 bytes
(epstopdf)             Command: <epstopdf --outfile=./charts/online_appendix/CB
O_growth_rates_cumulative-eps-converted-to.pdf ./charts/online_appendix/CBO_gro
wth_rates_cumulative.eps>
(epstopdf)             \includegraphics on input line 326.
runsystem(epstopdf --outfile=./charts/online_appendix/CBO_growth_rates_cumulati
ve-eps-converted-to.pdf ./charts/online_appendix/CBO_growth_rates_cumulative.ep
s)...executed (allowed).

Package epstopdf Info: Result file: <./charts/online_appendix/CBO_growth_rates_
cumulative-eps-converted-to.pdf>
(epstopdf)                    date: 2024-02-15 16:32:51
(epstopdf)                    size: 9046 bytes.


pdfTeX warning: pdflatex.exe (file ./charts/online_appendix/CBO_growth_rates_cu
mulative-eps-converted-to.pdf): PDF inclusion: found PDF version <1.7>, but at 
most version <1.5> allowed
<./charts/online_appendix/CBO_growth_rates_cumulative-eps-converted-to.pdf, id=
1306, 578.16pt x 758.835pt>
File: ./charts/online_appendix/CBO_growth_rates_cumulative-eps-converted-to.pdf
 Graphic file (type pdf)
<use ./charts/online_appendix/CBO_growth_rates_cumulative-eps-converted-to.pdf>

Package pdftex.def Info: ./charts/online_appendix/CBO_growth_rates_cumulative-e
ps-converted-to.pdf  used on input line 326.
(pdftex.def)             Requested size: 578.15858pt x 758.83316pt.
) [113

 <./charts/online_appendix/CBO_growth_rates_cumulative-eps-converted-to.pdf>] (
jfs_revision_r3.aux)
Package rerunfilecheck Info: File `jfs_revision_r3.out' has not changed.
(rerunfilecheck)             Checksum: 07357565A6AA9CF3FE6FEBF1EB0AE104;2750.
 ) 
Here is how much of TeX's memory you used:
 12070 strings out of 479656
 192919 string characters out of 2876350
 525502 words of memory out of 3000000
 28432 multiletter control sequences out of 15000+200000
 426225 words of font info for 108 fonts, out of 3000000 for 9000
 1141 hyphenation exceptions out of 8191
 83i,16n,88p,3410b,621s stack positions out of 5000i,500n,10000p,200000b,50000s
pdfTeX warning (dest): name{Hfootnote.42} has been referenced but does not ex
ist, replaced by a fixed one

pdfTeX warning (dest): name{Hfootnote.41} has been referenced but does not exis
t, replaced by a fixed one

pdfTeX warning (dest): name{Hfootnote.40} has been referenced but does not exis
t, replaced by a fixed one

pdfTeX warning (dest): name{Hfootnote.39} has been referenced but does not exis
t, replaced by a fixed one

pdfTeX warning (dest): name{Hfootnote.38} has been referenced but does not exis
t, replaced by a fixed one

pdfTeX warning (dest): name{Hfootnote.37} has been referenced but does not exis
t, replaced by a fixed one

pdfTeX warning (dest): name{Hfootnote.36} has been referenced but does not exis
t, replaced by a fixed one

pdfTeX warning (dest): name{Hfootnote.35} has been referenced but does not exis
t, replaced by a fixed one

pdfTeX warning (dest): name{Hfootnote.34} has been referenced but does not exis
t, replaced by a fixed one

pdfTeX warning (dest): name{Hfootnote.33} has been referenced but does not exis
t, replaced by a fixed one

pdfTeX warning (dest): name{Hfootnote.32} has been referenced but does not exis
t, replaced by a fixed one

pdfTeX warning (dest): name{Hfootnote.31} has been referenced but does not exis
t, replaced by a fixed one

pdfTeX warning (dest): name{Hfootnote.30} has been referenced but does not exis
t, replaced by a fixed one

pdfTeX warning (dest): name{Hfootnote.29} has been referenced but does not exis
t, replaced by a fixed one

pdfTeX warning (dest): name{Hfootnote.28} has been referenced but does not exis
t, replaced by a fixed one

pdfTeX warning (dest): name{Hfootnote.27} has been referenced but does not exis
t, replaced by a fixed one

pdfTeX warning (dest): name{Hfootnote.26} has been referenced but does not exis
t, replaced by a fixed one

pdfTeX warning (dest): name{Hfootnote.25} has been referenced but does not exis
t, replaced by a fixed one

pdfTeX warning (dest): name{Hfootnote.24} has been referenced but does not exis
t, replaced by a fixed one

pdfTeX warning (dest): name{Hfootnote.23} has been referenced but does not exis
t, replaced by a fixed one

pdfTeX warning (dest): name{Hfootnote.22} has been referenced but does not exis
t, replaced by a fixed one

pdfTeX warning (dest): name{Hfootnote.21} has been referenced but does not exis
t, replaced by a fixed one

pdfTeX warning (dest): name{Hfootnote.20} has been referenced but does not exis
t, replaced by a fixed one

pdfTeX warning (dest): name{Hfootnote.19} has been referenced but does not exis
t, replaced by a fixed one

pdfTeX warning (dest): name{Hfootnote.18} has been referenced but does not exis
t, replaced by a fixed one

pdfTeX warning (dest): name{Hfootnote.17} has been referenced but does not exis
t, replaced by a fixed one

pdfTeX warning (dest): name{Hfootnote.16} has been referenced but does not exis
t, replaced by a fixed one

pdfTeX warning (dest): name{Hfootnote.15} has been referenced but does not exis
t, replaced by a fixed one

pdfTeX warning (dest): name{Hfootnote.14} has been referenced but does not exis
t, replaced by a fixed one

pdfTeX warning (dest): name{Hfootnote.13} has been referenced but does not exis
t, replaced by a fixed one

pdfTeX warning (dest): name{Hfootnote.12} has been referenced but does not exis
t, replaced by a fixed one

pdfTeX warning (dest): name{Hfootnote.11} has been referenced but does not exis
t, replaced by a fixed one

pdfTeX warning (dest): name{Hfootnote.10} has been referenced but does not exis
t, replaced by a fixed one

pdfTeX warning (dest): name{Hfootnote.9} has been referenced but does not exist
, replaced by a fixed one

pdfTeX warning (dest): name{Hfootnote.8} has been referenced but does not exist
, replaced by a fixed one

pdfTeX warning (dest): name{Hfootnote.7} has been referenced but does not exist
, replaced by a fixed one

pdfTeX warning (dest): name{Hfootnote.6} has been referenced but does not exist
, replaced by a fixed one

pdfTeX warning (dest): name{Hfootnote.5} has been referenced but does not exist
, replaced by a fixed one

pdfTeX warning (dest): name{Hfootnote.4} has been referenced but does not exist
, replaced by a fixed one

pdfTeX warning (dest): name{Hfootnote.3} has been referenced but does not exist
, replaced by a fixed one

pdfTeX warning (dest): name{Hfootnote.2} has been referenced but does not exist
, replaced by a fixed one

pdfTeX warning (dest): name{Hfootnote.1} has been referenced but does not exist
, replaced by a fixed one

 <C:\Users\j1prs01\AppData\Local\MiKTeX\fonts/pk/ljfour/jknappen/ec/dpi600\tcti
1200.pk> <C:\Users\j1prs01\AppData\Local\MiKTeX\fonts/pk/ljfour/jknappen/ec/dpi
600\tcrm1200.pk> <C:\Users\j1prs01\AppData\Local\MiKTeX\fonts/pk/ljfour/jknappe
n/ec/dpi600\tcrm0700.pk> <C:\Users\j1prs01\AppData\Local\MiKTeX\fonts/pk/ljfour
/jknappen/ec/dpi600\tcrm1000.pk><C:/Program Files/MiKTeX/fonts/type1/public/ams
fonts/cm/cmbx10.pfb><C:/Program Files/MiKTeX/fonts/type1/public/amsfonts/cm/cmb
x12.pfb><C:/Program Files/MiKTeX/fonts/type1/public/amsfonts/cm/cmbx8.pfb><C:/P
rogram Files/MiKTeX/fonts/type1/public/amsfonts/cm/cmex10.pfb><C:/Program Files
/MiKTeX/fonts/type1/public/amsfonts/cm/cmitt10.pfb><C:/Program Files/MiKTeX/fon
ts/type1/public/amsfonts/cm/cmmi10.pfb><C:/Program Files/MiKTeX/fonts/type1/pub
lic/amsfonts/cm/cmmi12.pfb><C:/Program Files/MiKTeX/fonts/type1/public/amsfonts
/cm/cmmi6.pfb><C:/Program Files/MiKTeX/fonts/type1/public/amsfonts/cm/cmmi7.pfb
><C:/Program Files/MiKTeX/fonts/type1/public/amsfonts/cm/cmmi8.pfb><C:/Program 
Files/MiKTeX/fonts/type1/public/amsfonts/cm/cmmib10.pfb><C:/Program Files/MiKTe
X/fonts/type1/public/amsfonts/cm/cmr10.pfb><C:/Program Files/MiKTeX/fonts/type1
/public/amsfonts/cm/cmr12.pfb><C:/Program Files/MiKTeX/fonts/type1/public/amsfo
nts/cm/cmr17.pfb><C:/Program Files/MiKTeX/fonts/type1/public/amsfonts/cm/cmr7.p
fb><C:/Program Files/MiKTeX/fonts/type1/public/amsfonts/cm/cmr8.pfb><C:/Program
 Files/MiKTeX/fonts/type1/public/amsfonts/cm/cmsy10.pfb><C:/Program Files/MiKTe
X/fonts/type1/public/amsfonts/cm/cmsy7.pfb><C:/Program Files/MiKTeX/fonts/type1
/public/amsfonts/cm/cmsy8.pfb><C:/Program Files/MiKTeX/fonts/type1/public/amsfo
nts/cm/cmti10.pfb><C:/Program Files/MiKTeX/fonts/type1/public/amsfonts/cm/cmti1
2.pfb><C:/Program Files/MiKTeX/fonts/type1/public/amsfonts/cm/cmtt10.pfb><C:/Pr
ogram Files/MiKTeX/fonts/type1/public/amsfonts/cm/cmtt12.pfb><C:/Program Files/
MiKTeX/fonts/type1/public/amsfonts/symbols/msam10.pfb>
Output written on jfs_revision_r3.pdf (115 pages, 757568 bytes).
PDF statistics:
 1494 PDF objects out of 1728 (max. 8388607)
 361 named destinations out of 1000 (max. 500000)
 311 words of extra memory for PDF output out of 10000 (max. 10000000)

