This is pdfTeX, Version 3.141592653-2.6-1.40.24 (MiKTeX 22.8.28) (preloaded format=latex 2025.4.11)  11 APR 2025 15:24
entering extended mode
 restricted \write18 enabled.
 Source specials enabled.
 %&-line parsing enabled.
**./elsarticle.dtx
(elsarticle.dtx
LaTeX2e <2022-06-01> patch level 5
L3 programming layer <2022-08-30>
(C:\Program Files\MiKTeX\tex/latex/base\ltxdoc.cls
Document Class: ltxdoc 2022/06/22 v2.1h Standard LaTeX documentation class
*************************************
* Local config file ltxdoc.cfg used
*************************************
(C:\Users\j1jmrr4\AppData\Roaming\MiKTeX\tex/latex/endfloat\ltxdoc.cfg)
(C:\Program Files\MiKTeX\tex/latex/base\article.cls
Document Class: article 2021/10/04 v1.4n Standard LaTeX document class
(C:\Program Files\MiKTeX\tex/latex/base\size10.clo
File: size10.clo 2021/10/04 v1.4n Standard LaTeX file (size option)
)
\c@part=\count185
\c@section=\count186
\c@subsection=\count187
\c@subsubsection=\count188
\c@paragraph=\count189
\c@subparagraph=\count190
\c@figure=\count191
\c@table=\count192
\abovecaptionskip=\skip47
\belowcaptionskip=\skip48
\bibindent=\dimen138
)
(C:\Program Files\MiKTeX\tex/latex/base\doc.sty
Package: doc 2022/06/08 v3.0j Standard LaTeX documentation package V3 (FMi)
\c@StandardModuleDepth=\count193
\guard@level=\count194
\MacrocodeTopsep=\skip49
\MacroIndent=\dimen139
\macro@cnt=\count195
\MacroTopsep=\skip50
\IndexMin=\dimen140
\c@IndexColumns=\count196

(C:\Program Files\MiKTeX\tex/latex/tools\multicol.sty
Package: multicol 2021/10/28 v1.9b multicolumn formatting (FMi)
\c@tracingmulticols=\count197
\mult@box=\box51
\multicol@leftmargin=\dimen141
\c@unbalance=\count198
\c@collectmore=\count199
\doublecol@number=\count266
\multicoltolerance=\count267
\multicolpretolerance=\count268
\full@width=\dimen142
\page@free=\dimen143
\premulticols=\dimen144
\postmulticols=\dimen145
\multicolsep=\skip51
\multicolbaselineskip=\skip52
\partial@page=\box52
\last@line=\box53
\maxbalancingoverflow=\dimen146
\mult@rightbox=\box54
\mult@grightbox=\box55
\mult@firstbox=\box56
\mult@gfirstbox=\box57
\@tempa=\box58
\@tempa=\box59
\@tempa=\box60
\@tempa=\box61
\@tempa=\box62
\@tempa=\box63
\@tempa=\box64
\@tempa=\box65
\@tempa=\box66
\@tempa=\box67
\@tempa=\box68
\@tempa=\box69
\@tempa=\box70
\@tempa=\box71
\@tempa=\box72
\@tempa=\box73
\@tempa=\box74
\@tempa=\box75
\@tempa=\box76
\@tempa=\box77
\@tempa=\box78
\@tempa=\box79
\@tempa=\box80
\@tempa=\box81
\@tempa=\box82
\@tempa=\box83
\@tempa=\box84
\@tempa=\box85
\@tempa=\box86
\@tempa=\box87
\@tempa=\box88
\@tempa=\box89
\@tempa=\box90
\@tempa=\box91
\@tempa=\box92
\@tempa=\box93
\c@minrows=\count269
\c@columnbadness=\count270
\c@finalcolumnbadness=\count271
\last@try=\dimen147
\multicolovershoot=\dimen148
\multicolundershoot=\dimen149
\mult@nat@firstbox=\box94
\colbreak@box=\box95
\mc@col@check@num=\count272
)
\GlossaryMin=\dimen150
\c@GlossaryColumns=\count273
\check@sum=\count274
\bslash@cnt=\count275
\wrong@table=\toks16
\c@CodelineNo=\count276
\@temptokenb=\toks17
)
LaTeX Info: Redefining \cs on input line 266.
)
\@indexfile=\write3
\openout3 = `elsarticle.idx'.


Writing index file elsarticle.idx
\@glossaryfile=\write4
\openout4 = `elsarticle.glo'.

Writing glossary file elsarticle.glo 
(C:\Users\j1jmrr4\AppData\Roaming\MiKTeX\tex/latex/comment\comment.sty
\CommentStream=\write5

Excluding comment 'comment')
(C:\Users\j1jmrr4\AppData\Roaming\MiKTeX\tex/latex/hypdoc\hypdoc.sty
Package: hypdoc 2023-10-26 v1.19 Hyper extensions for doc.sty (HO)

(C:\Program Files\MiKTeX\tex/latex/base\atveryend-ltx.sty
Package: atveryend-ltx 2020/08/19 v1.0a Emulation of the original atveryend pac
kage
with kernel methods
)
(C:\Program Files\MiKTeX\tex/latex/hyperref\hyperref.sty
Package: hyperref 2022-09-22 v7.00t Hypertext links for LaTeX

(C:\Users\j1jmrr4\AppData\Roaming\MiKTeX\tex/generic/ltxcmds\ltxcmds.sty
Package: ltxcmds 2023-12-04 v1.26 LaTeX kernel commands for general use (HO)
)
(C:\Program Files\MiKTeX\tex/generic/iftex\iftex.sty
Package: iftex 2022/02/03 v1.0f TeX engine tests
)
(C:\Program Files\MiKTeX\tex/generic/pdftexcmds\pdftexcmds.sty
Package: pdftexcmds 2020-06-27 v0.33 Utility functions of pdfTeX for LuaTeX (HO
)

(C:\Users\j1jmrr4\AppData\Roaming\MiKTeX\tex/generic/infwarerr\infwarerr.sty
Package: infwarerr 2019/12/03 v1.5 Providing info/warning/error messages (HO)
)
Package pdftexcmds Info: \pdf@primitive is available.
Package pdftexcmds Info: \pdf@ifprimitive is available.
Package pdftexcmds Info: \pdfdraftmode is ignored in DVI mode.
)
(C:\Program Files\MiKTeX\tex/latex/graphics\keyval.sty
Package: keyval 2022/05/29 v1.15 key=value parser (DPC)
\KV@toks@=\toks18
)
(C:\Users\j1jmrr4\AppData\Roaming\MiKTeX\tex/latex/kvsetkeys\kvsetkeys.sty
Package: kvsetkeys 2022-10-05 v1.19 Key value parser (HO)
)
(C:\Users\j1jmrr4\AppData\Roaming\MiKTeX\tex/generic/kvdefinekeys\kvdefinekeys.
sty
Package: kvdefinekeys 2019-12-19 v1.6 Define keys (HO)
)
(C:\Users\j1jmrr4\AppData\Roaming\MiKTeX\tex/generic/pdfescape\pdfescape.sty
Package: pdfescape 2019/12/09 v1.15 Implements pdfTeX's escape features (HO)
)
(C:\Users\j1jmrr4\AppData\Roaming\MiKTeX\tex/latex/hycolor\hycolor.sty
Package: hycolor 2020-01-27 v1.10 Color options for hyperref/bookmark (HO)
)
(C:\Users\j1jmrr4\AppData\Roaming\MiKTeX\tex/latex/letltxmacro\letltxmacro.sty
Package: letltxmacro 2019/12/03 v1.6 Let assignment for LaTeX macros (HO)
) (C:\Users\j1jmrr4\AppData\Roaming\MiKTeX\tex/latex/auxhook\auxhook.sty
Package: auxhook 2019-12-17 v1.6 Hooks for auxiliary files (HO)
)
(C:\Program Files\MiKTeX\tex/latex/hyperref\nameref.sty
Package: nameref 2022-05-17 v2.50 Cross-referencing by name of section

(C:\Users\j1jmrr4\AppData\Roaming\MiKTeX\tex/latex/refcount\refcount.sty
Package: refcount 2019/12/15 v3.6 Data extraction from label references (HO)
)
(C:\Users\j1jmrr4\AppData\Roaming\MiKTeX\tex/generic/gettitlestring\gettitlestr
ing.sty
Package: gettitlestring 2019/12/15 v1.6 Cleanup title references (HO)

(C:\Users\j1jmrr4\AppData\Roaming\MiKTeX\tex/latex/kvoptions\kvoptions.sty
Package: kvoptions 2022-06-15 v3.15 Key value format for package options (HO)
))
\c@section@level=\count277
)
\@linkdim=\dimen151
\Hy@linkcounter=\count278
\Hy@pagecounter=\count279

(C:\Program Files\MiKTeX\tex/latex/hyperref\pd1enc.def
File: pd1enc.def 2022-09-22 v7.00t Hyperref: PDFDocEncoding definition (HO)
Now handling font encoding PD1 ...
... no UTF-8 mapping file for font encoding PD1
)
(C:\Users\j1jmrr4\AppData\Roaming\MiKTeX\tex/generic/intcalc\intcalc.sty
Package: intcalc 2019/12/15 v1.3 Expandable calculations with integers (HO)
)
(C:\Users\j1jmrr4\AppData\Roaming\MiKTeX\tex/generic/etexcmds\etexcmds.sty
Package: etexcmds 2019/12/15 v1.7 Avoid name clashes with e-TeX commands (HO)
)
\Hy@SavedSpaceFactor=\count280

(C:\Program Files\MiKTeX\tex/latex/hyperref\puenc.def
File: puenc.def 2022-09-22 v7.00t Hyperref: PDF Unicode definition (HO)
Now handling font encoding PU ...
... no UTF-8 mapping file for font encoding PU
)
Package hyperref Info: Option `hyperindex' set `false' on input line 4045.
Package hyperref Info: Option `pdfusetitle' set `true' on input line 4045.
Package hyperref Info: Hyper figures OFF on input line 4162.
Package hyperref Info: Link nesting OFF on input line 4167.
Package hyperref Info: Hyper index OFF on input line 4172.
Package hyperref Info: Plain pages OFF on input line 4177.
Package hyperref Info: Backreferencing OFF on input line 4182.
Package hyperref Info: Implicit mode ON; LaTeX internals redefined.
\stockwidth=\dimen152
\stockheight=\dimen153
Package hyperref Info: Bookmarks ON on input line 4410.
\c@Hy@tempcnt=\count281

(C:\Program Files\MiKTeX\tex/latex/url\url.sty
\Urlmuskip=\muskip16
Package: url 2013/09/16  ver 3.4  Verb mode for urls, etc.
)
LaTeX Info: Redefining \url on input line 4748.
\XeTeXLinkMargin=\dimen154

(C:\Users\j1jmrr4\AppData\Roaming\MiKTeX\tex/generic/bitset\bitset.sty
Package: bitset 2019/12/09 v1.3 Handle bit-vector datatype (HO)

(C:\Users\j1jmrr4\AppData\Roaming\MiKTeX\tex/generic/bigintcalc\bigintcalc.sty
Package: bigintcalc 2019/12/15 v1.5 Expandable calculations on big integers (HO
)
))
\Fld@menulength=\count282
\Field@Width=\dimen155
\Fld@charsize=\dimen156
Package hyperref Info: Hyper figures OFF on input line 6027.
Package hyperref Info: Link nesting OFF on input line 6032.
Package hyperref Info: Hyper index OFF on input line 6037.
Package hyperref Info: backreferencing OFF on input line 6042.
Package hyperref Info: Link coloring OFF on input line 6047.
Package hyperref Info: Link coloring with OCG OFF on input line 6052.
Package hyperref Info: PDF/A mode OFF on input line 6057.
 (C:\Program Files\MiKTeX\tex/latex/base\atbegshi-ltx.sty
Package: atbegshi-ltx 2021/01/10 v1.0c Emulation of the original atbegshi
package with kernel methods
)
\Hy@abspage=\count283
\c@Item=\count284
\c@Hfootnote=\count285
)
Package hyperref Info: Driver (default): hdvips.

(C:\Program Files\MiKTeX\tex/latex/hyperref\hdvips.def
File: hdvips.def 2022-09-22 v7.00t Hyperref driver for dvips

(C:\Program Files\MiKTeX\tex/latex/hyperref\pdfmark.def
File: pdfmark.def 2022-09-22 v7.00t Hyperref definitions for pdfmark specials
\pdf@docset=\toks19
\pdf@box=\box96
\pdf@toks=\toks20
\pdf@defaulttoks=\toks21
\HyField@AnnotCount=\count286
\Fld@listcount=\count287
\c@bookmark@seq@number=\count288

(C:\Users\j1jmrr4\AppData\Roaming\MiKTeX\tex/latex/rerunfilecheck\rerunfilechec
k.sty
Package: rerunfilecheck 2022-07-10 v1.10 Rerun checks for auxiliary files (HO)

(C:\Users\j1jmrr4\AppData\Roaming\MiKTeX\tex/generic/uniquecounter\uniquecounte
r.sty
Package: uniquecounter 2019/12/15 v1.4 Provide unlimited unique counter (HO)
)
Package uniquecounter Info: New unique counter `rerunfilecheck' on input line 2
85.
)
\Hy@SectionHShift=\skip53
))
Package hyperref Info: Option `colorlinks' set `true' on input line 75.
Package hyperref Info: Option `plainpages' set `false' on input line 75.
Package hyperref Info: Option `bookmarksopen' set `true' on input line 75.
Package hyperref Info: Option `bookmarksnumbered' set `true' on input line 75.
\c@HD@unique=\count289
\c@HD@hypercount=\count290
\HD@helplength=\skip54
) (C:\Program Files\MiKTeX\tex/latex/l3backend\l3backend-dvips.def
File: l3backend-dvips.def 2022-08-30 L3 backend support: dvips
\l__pdf_internal_box=\box97
\g__pdf_backend_object_int=\count291
\l__pdf_backend_content_box=\box98
\l__pdf_backend_model_box=\box99
\g__pdf_backend_annotation_int=\count292
\g__pdf_backend_link_int=\count293
\g__pdf_backend_link_sf_int=\count294
)
(elsarticle.aux)
\openout1 = `elsarticle.aux'.

LaTeX Font Info:    Checking defaults for OML/cmm/m/it on input line 28.
LaTeX Font Info:    ... okay on input line 28.
LaTeX Font Info:    Checking defaults for OMS/cmsy/m/n on input line 28.
LaTeX Font Info:    ... okay on input line 28.
LaTeX Font Info:    Checking defaults for OT1/cmr/m/n on input line 28.
LaTeX Font Info:    ... okay on input line 28.
LaTeX Font Info:    Checking defaults for T1/cmr/m/n on input line 28.
LaTeX Font Info:    ... okay on input line 28.
LaTeX Font Info:    Checking defaults for TS1/cmr/m/n on input line 28.
LaTeX Font Info:    ... okay on input line 28.
LaTeX Font Info:    Checking defaults for OMX/cmex/m/n on input line 28.
LaTeX Font Info:    ... okay on input line 28.
LaTeX Font Info:    Checking defaults for U/cmr/m/n on input line 28.
LaTeX Font Info:    ... okay on input line 28.
LaTeX Font Info:    Checking defaults for PD1/pdf/m/n on input line 28.
LaTeX Font Info:    ... okay on input line 28.
LaTeX Font Info:    Checking defaults for PU/pdf/m/n on input line 28.
LaTeX Font Info:    ... okay on input line 28.
Package doc Info: Made | a short reference for \verb on input line 28.
 (C:\Program Files\MiKTeX\tex/latex/graphics\color.sty
Package: color 2022/01/06 v1.3d Standard LaTeX Color (DPC)

(C:\Program Files\MiKTeX\tex/latex/graphics-cfg\color.cfg
File: color.cfg 2016/01/02 v1.6 sample color configuration
)
Package color Info: Driver file: dvips.def on input line 149.

(C:\Program Files\MiKTeX\tex/latex/graphics-def\dvips.def
File: dvips.def 2017/06/20 v3.1d Graphics/color driver for dvips
)
(C:\Program Files\MiKTeX\tex/latex/graphics\dvipsnam.def
File: dvipsnam.def 2016/06/17 v3.0m Driver-dependent file (DPC,SPQR)
)
(C:\Users\j1jmrr4\AppData\Roaming\MiKTeX\tex/latex-dev/graphics\mathcolor.ltx))
Package hyperref Info: Link coloring ON on input line 28.
(elsarticle.out) (elsarticle.out)
\@outlinefile=\write6
\openout6 = `elsarticle.out'.



Package hyperref Warning: Rerun to get /PageLabels entry.

(elsarticle.hd)
\HD@savedest@out=\write7
\openout7 = `elsarticle.hd'.

 (elsarticle.dtx
LaTeX Font Info:    External font `cmex10' loaded for size
(Font)              <7> on input line 19.
LaTeX Font Info:    External font `cmex10' loaded for size
(Font)              <5> on input line 19.

***************************
* Character table correct *
***************************
[1

]
LaTeX Font Info:    External font `cmex10' loaded for size
(Font)              <12> on input line 83.
LaTeX Font Info:    External font `cmex10' loaded for size
(Font)              <8> on input line 83.
LaTeX Font Info:    External font `cmex10' loaded for size
(Font)              <6> on input line 83.
 [2] [3]
Overfull \hbox (10.0376pt too wide) in paragraph at lines 182--182
 [][]\OT1/cmtt/m/n/9 \ExecuteOptions{a4paper,10pt,oneside,onecolumn,number,prep
rint,centertitle} 
 []

[4] [5] [6]
Overfull \hbox (0.5877pt too wide) in paragraph at lines 1102--1102
 [][]       \OT1/cmtt/m/n/9 \edef\affnum{\@ifundefined{X@\@@affmark}{1}{\elsRef
{\@@affmark}}}% 
 []

[7] [8]
Overfull \hbox (19.48749pt too wide) in paragraph at lines 1102--1102
 [][]      \OT1/cmtt/m/n/9 o    .code:n       = { \ca_organization[\l_organizat
ion_punc_tl]{#1} }, 
 []


Overfull \hbox (71.46188pt too wide) in paragraph at lines 1102--1102
 [][]      \OT1/cmtt/m/n/9 organization    .code:n       = { \ca_organization[\
l_organization_punc_tl]{#1} }, 
 []


Overfull \hbox (71.46188pt too wide) in paragraph at lines 1102--1102
 [][]      \OT1/cmtt/m/n/9 organisation    .code:n       = { \ca_organization[\
l_organization_punc_tl]{#1} }, 
 []


Overfull \hbox (19.48749pt too wide) in paragraph at lines 1102--1102
 [][]      \OT1/cmtt/m/n/9 a    .code:n       = { \ca_address_line[\l_address_l
ine_punc_tl]{#1} }, 
 []


Overfull \hbox (66.73694pt too wide) in paragraph at lines 1102--1102
 [][]      \OT1/cmtt/m/n/9 addressline    .code:n       = { \ca_address_line[\l
_address_line_punc_tl]{#1} }, 
 []

[9]
Overfull \hbox (10.0376pt too wide) in paragraph at lines 1102--1102
 [][]      \OT1/cmtt/m/n/9 p    .code:n       = { \ca_postal_code[\l_postal_cod
e_punc_tl]{#1} }, 
 []


Overfull \hbox (43.11221pt too wide) in paragraph at lines 1102--1102
 [][]      \OT1/cmtt/m/n/9 postcode    .code:n       = { \ca_postal_code[\l_pos
tal_code_punc_tl]{#1} }, 
 []


Overfull \hbox (19.48749pt too wide) in paragraph at lines 1102--1102
 [][]      \OT1/cmtt/m/n/9 or   .code:n       = { \ca_organization[\l_organizat
ion_punc_tl]{#1} }, 
 []


Overfull \hbox (19.48749pt too wide) in paragraph at lines 1102--1102
 [][]      \OT1/cmtt/m/n/9 ad   .code:n       = { \ca_address_line[\l_address_l
ine_punc_tl]{#1} }, 
 []


Overfull \hbox (10.0376pt too wide) in paragraph at lines 1102--1102
 [][]      \OT1/cmtt/m/n/9 pc   .code:n       = { \ca_postal_code[\l_postal_cod
e_punc_tl]{#1} }, 
 []

[10] [11] [12] [13] [14] [15] [16] [17] [18] [19] [20] [21] [22] [23]
Overfull \hbox (19.48749pt too wide) in paragraph at lines 1247--1247
 [][]\OT1/cmtt/m/n/9 \def\@enfont{\ifnum \@enumdepth >1\let\@nxt\sfn \else\let\
@nxt\sfbc \fi\@nxt} 
 []

[24] [25] [26] [27] [28]
Overfull \hbox (33.66232pt too wide) in paragraph at lines 1530--1530
 [][]  \OT1/cmtt/m/n/9 \addtocontents{toc}{\string\let\string\numberline\string
\tmptocnumberline}{}{} 
 []

[29]
LaTeX Font Info:    External font `cmex10' loaded for size
(Font)              <9> on input line 1530.

*******************
* Checksum passed *
*******************
) (elsarticle.gls
! Undefined control sequence.
l.12 ...item General:\ Defined \affiliationcommand
                                                   for structured address ta...

? 
! Emergency stop.
l.12 
     
End of file on the terminal!

 
Here is how much of TeX's memory you used:
 9803 strings out of 475390
 145124 string characters out of 2786835
 518296 words of memory out of 3000000
 31086 multiletter control sequences out of 15000+600000
 475497 words of font info for 49 fonts, out of 8000000 for 9000
 1141 hyphenation exceptions out of 8191
 89i,6n,92p,337b,623s stack positions out of 10000i,1000n,20000p,200000b,80000s
Output written on elsarticle.dvi (29 pages, 88100 bytes).
